0 info it worked if it ends with ok
1 verbose cli [ 'C:\\Program Files\\nodejs\\node.exe',
1 verbose cli   'C:\\Program Files\\nodejs\\node_modules\\npm\\bin\\npm-cli.js',
1 verbose cli   'install',
1 verbose cli   'angular-socialsharing' ]
2 info using npm@2.14.7
3 info using node@v4.2.3
4 verbose install initial load of C:\Users\Imagine\Desktop\gem\package.json
5 warn package.json gem@1.0.0 No repository field.
6 warn package.json gem@1.0.0 No README data
7 warn package.json gem@1.0.0 No license field.
8 verbose installManyTop reading scoped package data from C:\Users\Imagine\Desktop\gem\node_modules\bower\package.json
9 verbose installManyTop reading scoped package data from C:\Users\Imagine\Desktop\gem\node_modules\gulp\package.json
10 verbose installManyTop reading scoped package data from C:\Users\Imagine\Desktop\gem\node_modules\gulp-concat\package.json
11 verbose installManyTop reading scoped package data from C:\Users\Imagine\Desktop\gem\node_modules\gulp-minify-css\package.json
12 verbose installManyTop reading scoped package data from C:\Users\Imagine\Desktop\gem\node_modules\gulp-rename\package.json
13 verbose installManyTop reading scoped package data from C:\Users\Imagine\Desktop\gem\node_modules\gulp-sass\package.json
14 verbose installManyTop reading scoped package data from C:\Users\Imagine\Desktop\gem\node_modules\gulp-util\package.json
15 verbose installManyTop reading scoped package data from C:\Users\Imagine\Desktop\gem\node_modules\shelljs\package.json
16 info package.json gulp-rename@1.2.2 No license field.
17 info package.json gulp-minify-css@0.3.13 No license field.
18 info package.json gulp-util@2.2.20 No license field.
19 info package.json shelljs@0.3.0 license should be a valid SPDX license expression
20 info package.json bower@1.4.1 No license field.
21 verbose readDependencies loading dependencies from C:\Users\Imagine\Desktop\gem\package.json
22 silly cache add args [ 'angular-socialsharing', null ]
23 verbose cache add spec angular-socialsharing
24 silly cache add parsed spec Result {
24 silly cache add   raw: 'angular-socialsharing',
24 silly cache add   scope: null,
24 silly cache add   name: 'angular-socialsharing',
24 silly cache add   rawSpec: '',
24 silly cache add   spec: '*',
24 silly cache add   type: 'range' }
25 silly addNamed angular-socialsharing@*
26 verbose addNamed "*" is a valid semver range for angular-socialsharing
27 silly addNameRange { name: 'angular-socialsharing', range: '*', hasData: false }
28 silly mapToRegistry name angular-socialsharing
29 silly mapToRegistry using default registry
30 silly mapToRegistry registry https://registry.npmjs.org/
31 silly mapToRegistry uri https://registry.npmjs.org/angular-socialsharing
32 verbose addNameRange registry:https://registry.npmjs.org/angular-socialsharing not in flight; fetching
33 verbose request uri https://registry.npmjs.org/angular-socialsharing
34 verbose request no auth needed
35 info attempt registry request try #1 at 2:47:52 PM
36 verbose request id d8df3916c02dea26
37 http request GET https://registry.npmjs.org/angular-socialsharing
38 http 404 https://registry.npmjs.org/angular-socialsharing
39 verbose headers { 'content-type': 'application/json',
39 verbose headers   'cache-control': 'max-age=0',
39 verbose headers   'content-length': '2',
39 verbose headers   'accept-ranges': 'bytes',
39 verbose headers   date: 'Thu, 17 Mar 2016 13:47:54 GMT',
39 verbose headers   via: '1.1 varnish',
39 verbose headers   age: '0',
39 verbose headers   connection: 'keep-alive',
39 verbose headers   'x-served-by': 'cache-lhr6329-LHR',
39 verbose headers   'x-cache': 'MISS',
39 verbose headers   'x-cache-hits': '0',
39 verbose headers   'x-timer': 'S1458222474.520957,VS0,VE359' }
40 silly get cb [ 404,
40 silly get   { 'content-type': 'application/json',
40 silly get     'cache-control': 'max-age=0',
40 silly get     'content-length': '2',
40 silly get     'accept-ranges': 'bytes',
40 silly get     date: 'Thu, 17 Mar 2016 13:47:54 GMT',
40 silly get     via: '1.1 varnish',
40 silly get     age: '0',
40 silly get     connection: 'keep-alive',
40 silly get     'x-served-by': 'cache-lhr6329-LHR',
40 silly get     'x-cache': 'MISS',
40 silly get     'x-cache-hits': '0',
40 silly get     'x-timer': 'S1458222474.520957,VS0,VE359' } ]
41 verbose stack Error: Registry returned 404 for GET on https://registry.npmjs.org/angular-socialsharing
41 verbose stack     at makeError (C:\Program Files\nodejs\node_modules\npm\node_modules\npm-registry-client\lib\request.js:264:12)
41 verbose stack     at CachingRegistryClient.<anonymous> (C:\Program Files\nodejs\node_modules\npm\node_modules\npm-registry-client\lib\request.js:242:14)
41 verbose stack     at Request._callback (C:\Program Files\nodejs\node_modules\npm\node_modules\npm-registry-client\lib\request.js:172:14)
41 verbose stack     at Request.self.callback (C:\Program Files\nodejs\node_modules\npm\node_modules\request\request.js:198:22)
41 verbose stack     at emitTwo (events.js:87:13)
41 verbose stack     at Request.emit (events.js:172:7)
41 verbose stack     at Request.<anonymous> (C:\Program Files\nodejs\node_modules\npm\node_modules\request\request.js:1063:14)
41 verbose stack     at emitOne (events.js:82:20)
41 verbose stack     at Request.emit (events.js:169:7)
41 verbose stack     at IncomingMessage.<anonymous> (C:\Program Files\nodejs\node_modules\npm\node_modules\request\request.js:1009:12)
42 verbose statusCode 404
43 verbose pkgid angular-socialsharing
44 verbose cwd C:\Users\Imagine\Desktop\gem
45 error Windows_NT 6.3.9600
46 error argv "C:\\Program Files\\nodejs\\node.exe" "C:\\Program Files\\nodejs\\node_modules\\npm\\bin\\npm-cli.js" "install" "angular-socialsharing"
47 error node v4.2.3
48 error npm  v2.14.7
49 error code E404
50 error 404 Registry returned 404 for GET on https://registry.npmjs.org/angular-socialsharing
50 error 404
50 error 404 'angular-socialsharing' is not in the npm registry.
50 error 404 You should bug the author to publish it (or use the name yourself!)
50 error 404 It was specified as a dependency of 'gem'
50 error 404
50 error 404 Note that you can also install from a
50 error 404 tarball, folder, http url, or git url.
51 verbose exit [ 1, true ]
